e:\mds\projects\solatire\solitaire\solitaire\debug\vc141.pdb
e:\mds\projects\solatire\solitaire\solitaire\debug\vc141.idb
e:\mds\projects\solatire\solitaire\solitaire\debug\main.obj
e:\mds\projects\solatire\solitaire\solitaire\debug\canvas.obj
e:\mds\projects\solatire\solitaire\solitaire\debug\bitmaps.obj
e:\mds\projects\solatire\solitaire\solitaire\debug\crectangle.obj
e:\mds\projects\solatire\solitaire\solitaire\debug\game.obj
e:\mds\projects\solatire\solitaire\solitaire\debug\backbuffer.obj
e:\mds\projects\solatire\solitaire\debug\solitaire.exe
e:\mds\projects\solatire\solitaire\debug\solitaire.ilk
e:\mds\projects\solatire\solitaire\debug\solitaire.pdb
e:\mds\projects\solatire\solitaire\solitaire\debug\solitaire.res
e:\mds\projects\solatire\solitaire\solitaire\debug\game.obj.enc
e:\mds\projects\solatire\solitaire\solitaire\debug\main.obj.enc
e:\mds\projects\solatire\solitaire\solitaire\debug\solitaire.tlog\cl.command.1.tlog
e:\mds\projects\solatire\solitaire\solitaire\debug\solitaire.tlog\cl.read.1.tlog
e:\mds\projects\solatire\solitaire\solitaire\debug\solitaire.tlog\cl.write.1.tlog
e:\mds\projects\solatire\solitaire\solitaire\debug\solitaire.tlog\link.command.1.tlog
e:\mds\projects\solatire\solitaire\solitaire\debug\solitaire.tlog\link.read.1.tlog
e:\mds\projects\solatire\solitaire\solitaire\debug\solitaire.tlog\link.write.1.tlog
e:\mds\projects\solatire\solitaire\solitaire\debug\solitaire.tlog\rc.command.1.tlog
e:\mds\projects\solatire\solitaire\solitaire\debug\solitaire.tlog\rc.read.1.tlog
e:\mds\projects\solatire\solitaire\solitaire\debug\solitaire.tlog\rc.write.1.tlog
